[0.009s] Invoking command in '/home/alysson/ros2_ws/src/laser_rahcm_visualization/build/laser_rahcm_visualization': CMAKE_PREFIX_PATH=${CMAKE_PREFIX_PATH}:/opt/ros/humble /usr/bin/cmake /home/alysson/ros2_ws/src/laser_rahcm_visualization -DCMAKE_INSTALL_PREFIX=/home/alysson/ros2_ws/src/laser_rahcm_visualization/install/laser_rahcm_visualization
[0.070s] -- The C compiler identification is GNU 9.5.0
[0.133s] -- The CXX compiler identification is GNU 9.5.0
[0.140s] -- Detecting C compiler ABI info
[0.260s] -- Detecting C compiler ABI info - done
[0.269s] -- Check for working C compiler: /usr/bin/cc - skipped
[0.269s] -- Detecting C compile features
[0.269s] -- Detecting C compile features - done
[0.274s] -- Detecting CXX compiler ABI info
[0.387s] -- Detecting CXX compiler ABI info - done
[0.397s] -- Check for working CXX compiler: /usr/bin/c++ - skipped
[0.398s] -- Detecting CXX compile features
[0.398s] -- Detecting CXX compile features - done
[0.400s] -- Found ament_cmake: 1.3.11 (/opt/ros/humble/share/ament_cmake/cmake)
[0.563s] -- Found Python3: /usr/bin/python3 (found version "3.10.12") found components: Interpreter 
[0.632s] -- Found rclcpp: 16.0.12 (/opt/ros/humble/share/rclcpp/cmake)
[0.658s] -- Found rosidl_generator_c: 3.1.6 (/opt/ros/humble/share/rosidl_generator_c/cmake)
[0.661s] -- Found rosidl_adapter: 3.1.6 (/opt/ros/humble/share/rosidl_adapter/cmake)
[0.666s] -- Found rosidl_generator_cpp: 3.1.6 (/opt/ros/humble/share/rosidl_generator_cpp/cmake)
[0.675s] -- Using all available rosidl_typesupport_c: rosidl_typesupport_fastrtps_c;rosidl_typesupport_introspection_c
[0.686s] -- Using all available rosidl_typesupport_cpp: rosidl_typesupport_fastrtps_cpp;rosidl_typesupport_introspection_cpp
[0.713s] -- Found rmw_implementation_cmake: 6.1.2 (/opt/ros/humble/share/rmw_implementation_cmake/cmake)
[0.715s] -- Found rmw_fastrtps_cpp: 6.2.7 (/opt/ros/humble/share/rmw_fastrtps_cpp/cmake)
[0.802s] -- Found OpenSSL: /usr/lib/x86_64-linux-gnu/libcrypto.so (found version "3.0.2")  
[0.831s] -- Found FastRTPS: /opt/ros/humble/include  
[0.862s] -- Using RMW implementation 'rmw_fastrtps_cpp' as default
[0.867s] -- Looking for pthread.h
[0.952s] -- Looking for pthread.h - found
[0.952s] -- Performing Test CMAKE_HAVE_LIBC_PTHREAD
[1.024s] -- Performing Test CMAKE_HAVE_LIBC_PTHREAD - Success
[1.025s] -- Found Threads: TRUE  
[1.057s] -- Found urdf: 2.6.1 (/opt/ros/humble/share/urdf/cmake)
[1.079s] -- Found xacro: 2.0.13 (/opt/ros/humble/share/xacro/cmake)
[1.079s] -- Found robot_state_publisher: 3.0.3 (/opt/ros/humble/share/robot_state_publisher/cmake)
[1.097s] -- Found eigen3_cmake_module: 0.1.1 (/opt/ros/humble/share/eigen3_cmake_module/cmake)
[1.098s] -- Found Eigen3: TRUE (found version "3.4.0") 
[1.098s] -- Ensuring Eigen3 include directory is part of orocos-kdl CMake target
[1.174s] -- Found rviz2: 11.2.16 (/opt/ros/humble/share/rviz2/cmake)
[1.175s] -- Found gazebo_ros: 3.9.0 (/opt/ros/humble/share/gazebo_ros/cmake)
[1.183s] -- Found PkgConfig: /usr/bin/pkg-config (found version "0.29.2") 
[1.185s] -- Checking for module 'bullet>=2.82'
[1.197s] --   Found bullet, version 3.05
[1.312s] -- Found fcl: /usr/include (found suitable version "0.7.0", minimum required is "0.5.0") 
[1.377s] -- Found assimp: /usr/include (found version "5.2.0") 
[1.395s] -- Found DART: /usr/include (Required is at least version "6.6") found components: dart 
[1.414s] -- Found Boost: /usr/lib/x86_64-linux-gnu/cmake/Boost-1.74.0/BoostConfig.cmake (found suitable version "1.74.0", minimum required is "1.40.0") found components: thread system filesystem program_options regex iostreams date_time 
[1.428s] -- Found Protobuf: /usr/lib/x86_64-linux-gnu/libprotobuf.so (found version "3.12.4") 
[1.430s] -- Looking for ignition-math6 -- found version 6.15.1
[1.434s] -- Searching for dependencies of ignition-math6
[1.435s] -- Looking for OGRE...
[1.436s] -- OGRE_PREFIX_WATCH changed.
[1.441s] -- Checking for module 'OGRE'
[1.453s] --   Found OGRE, version 1.9.0
[1.494s] -- Found Ogre Ghadamon (1.9.0)
[1.502s] -- Found OGRE: optimized;/usr/lib/x86_64-linux-gnu/libOgreMain.so;debug;/usr/lib/x86_64-linux-gnu/libOgreMain.so
[1.511s] -- Looking for OGRE_Paging...
[1.515s] -- Found OGRE_Paging: optimized;/usr/lib/x86_64-linux-gnu/libOgrePaging.so;debug;/usr/lib/x86_64-linux-gnu/libOgrePaging.so
[1.516s] -- Looking for OGRE_Terrain...
[1.520s] -- Found OGRE_Terrain: optimized;/usr/lib/x86_64-linux-gnu/libOgreTerrain.so;debug;/usr/lib/x86_64-linux-gnu/libOgreTerrain.so
[1.520s] -- Looking for OGRE_Property...
[1.526s] -- Found OGRE_Property: optimized;/usr/lib/x86_64-linux-gnu/libOgreProperty.so;debug;/usr/lib/x86_64-linux-gnu/libOgreProperty.so
[1.526s] -- Looking for OGRE_RTShaderSystem...
[1.530s] -- Found OGRE_RTShaderSystem: optimized;/usr/lib/x86_64-linux-gnu/libOgreRTShaderSystem.so;debug;/usr/lib/x86_64-linux-gnu/libOgreRTShaderSystem.so
[1.530s] -- Looking for OGRE_Volume...
[1.534s] -- Found OGRE_Volume: optimized;/usr/lib/x86_64-linux-gnu/libOgreVolume.so;debug;/usr/lib/x86_64-linux-gnu/libOgreVolume.so
[1.534s] -- Looking for OGRE_Overlay...
[1.537s] -- Found OGRE_Overlay: optimized;/usr/lib/x86_64-linux-gnu/libOgreOverlay.so;debug;/usr/lib/x86_64-linux-gnu/libOgreOverlay.so
[1.608s] -- Looking for ignition-math6 -- found version 6.15.1
[1.609s] -- Looking for ignition-transport8 -- found version 8.2.1
[1.609s] -- Searching for dependencies of ignition-transport8
[1.622s] -- Found Protobuf: /usr/lib/x86_64-linux-gnu/libprotobuf.so (found suitable version "3.12.4", minimum required is "3") 
[1.630s] -- Config-file not installed for ZeroMQ -- checking for pkg-config
[1.634s] -- Checking for module 'libzmq >= 4'
[1.648s] --   Found libzmq , version 4.3.4
[1.698s] -- Found ZeroMQ: TRUE (Required is at least version "4") 
[1.706s] -- Checking for module 'uuid'
[1.726s] --   Found uuid, version 2.37.2
[1.767s] -- Found UUID: TRUE  
[1.769s] -- Looking for ignition-msgs5 -- found version 5.8.1
[1.770s] -- Searching for dependencies of ignition-msgs5
[1.787s] -- Looking for ignition-math6 -- found version 6.15.1
[1.793s] -- Checking for module 'tinyxml2'
[1.807s] --   Found tinyxml2, version 9.0.0
[1.855s] -- Looking for ignition-msgs5 -- found version 5.8.1
[1.857s] -- Looking for ignition-common3 -- found version 3.14.0
[1.857s] -- Searching for dependencies of ignition-common3
[1.858s] -- Looking for dlfcn.h - found
[1.859s] -- Looking for libdl - found
[1.861s] -- Found DL: TRUE  
[1.873s] -- Found tinyobjloader: /usr/lib/x86_64-linux-gnu/cmake/tinyobjloader/tinyobjloader-config.cmake (found version "2.0.0") 
[1.873s] -- Searching for <ignition-common3> component [graphics]
[1.875s] -- Looking for ignition-common3-graphics -- found version 3.14.0
[1.875s] -- Searching for dependencies of ignition-common3-graphics
[1.875s] -- Looking for ignition-math6 -- found version 6.15.1
[1.877s] -- Looking for ignition-fuel_tools4 -- found version 4.4.0
[1.877s] -- Searching for dependencies of ignition-fuel_tools4
[1.970s] -- Found CURL: /usr/lib/x86_64-linux-gnu/libcurl.so (found version "7.81.0")  
[1.981s] -- Checking for module 'jsoncpp'
[1.996s] --   Found jsoncpp, version 1.9.5
[2.044s] -- Found JSONCPP: TRUE  
[2.051s] -- Checking for module 'libzip'
[2.067s] --   Found libzip, version 1.7.3
[2.108s] -- Found ZIP: TRUE  
[2.109s] -- Looking for ignition-common3 -- found version 3.14.0
[2.109s] -- Looking for ignition-math6 -- found version 6.15.1
[2.110s] -- Looking for ignition-msgs5 -- found version 5.8.1
[2.115s] -- Gazebo version: 11.10
[2.115s] -- Checking for module 'tbb'
[2.135s] --   Found tbb, version 2021.5.0
[2.249s] -- Configuring done
[2.258s] -- Generating done
[2.263s] -- Build files have been written to: /home/alysson/ros2_ws/src/laser_rahcm_visualization/build/laser_rahcm_visualization
[2.279s] Invoked command in '/home/alysson/ros2_ws/src/laser_rahcm_visualization/build/laser_rahcm_visualization' returned '0': CMAKE_PREFIX_PATH=${CMAKE_PREFIX_PATH}:/opt/ros/humble /usr/bin/cmake /home/alysson/ros2_ws/src/laser_rahcm_visualization -DCMAKE_INSTALL_PREFIX=/home/alysson/ros2_ws/src/laser_rahcm_visualization/install/laser_rahcm_visualization
[2.282s] Invoking command in '/home/alysson/ros2_ws/src/laser_rahcm_visualization/build/laser_rahcm_visualization': CMAKE_PREFIX_PATH=${CMAKE_PREFIX_PATH}:/opt/ros/humble /usr/bin/cmake --build /home/alysson/ros2_ws/src/laser_rahcm_visualization/build/laser_rahcm_visualization -- -j12 -l12
[2.325s] Invoked command in '/home/alysson/ros2_ws/src/laser_rahcm_visualization/build/laser_rahcm_visualization' returned '0': CMAKE_PREFIX_PATH=${CMAKE_PREFIX_PATH}:/opt/ros/humble /usr/bin/cmake --build /home/alysson/ros2_ws/src/laser_rahcm_visualization/build/laser_rahcm_visualization -- -j12 -l12
[2.340s] Invoking command in '/home/alysson/ros2_ws/src/laser_rahcm_visualization/build/laser_rahcm_visualization': CMAKE_PREFIX_PATH=${CMAKE_PREFIX_PATH}:/opt/ros/humble /usr/bin/cmake --install /home/alysson/ros2_ws/src/laser_rahcm_visualization/build/laser_rahcm_visualization
[2.350s] -- Install configuration: ""
[2.350s] -- Installing: /home/alysson/ros2_ws/src/laser_rahcm_visualization/install/laser_rahcm_visualization/share/laser_rahcm_visualization/urdf
[2.350s] -- Installing: /home/alysson/ros2_ws/src/laser_rahcm_visualization/install/laser_rahcm_visualization/share/laser_rahcm_visualization/urdf/base.urdf.xacro
[2.350s] -- Installing: /home/alysson/ros2_ws/src/laser_rahcm_visualization/install/laser_rahcm_visualization/share/laser_rahcm_visualization/urdf/arm.urdf.xacro
[2.351s] -- Installing: /home/alysson/ros2_ws/src/laser_rahcm_visualization/install/laser_rahcm_visualization/share/laser_rahcm_visualization/urdf/rahcm.urdf.xacro
[2.351s] -- Installing: /home/alysson/ros2_ws/src/laser_rahcm_visualization/install/laser_rahcm_visualization/share/laser_rahcm_visualization/urdf/wheel.urdf.xacro
[2.351s] -- Installing: /home/alysson/ros2_ws/src/laser_rahcm_visualization/install/laser_rahcm_visualization/share/laser_rahcm_visualization/launch
[2.351s] -- Installing: /home/alysson/ros2_ws/src/laser_rahcm_visualization/install/laser_rahcm_visualization/share/laser_rahcm_visualization/launch/gazebo.launch.py
[2.351s] -- Installing: /home/alysson/ros2_ws/src/laser_rahcm_visualization/install/laser_rahcm_visualization/share/laser_rahcm_visualization/launch/display.launch.py
[2.351s] -- Installing: /home/alysson/ros2_ws/src/laser_rahcm_visualization/install/laser_rahcm_visualization/share/ament_index/resource_index/package_run_dependencies/laser_rahcm_visualization
[2.351s] -- Installing: /home/alysson/ros2_ws/src/laser_rahcm_visualization/install/laser_rahcm_visualization/share/ament_index/resource_index/parent_prefix_path/laser_rahcm_visualization
[2.352s] -- Installing: /home/alysson/ros2_ws/src/laser_rahcm_visualization/install/laser_rahcm_visualization/share/laser_rahcm_visualization/environment/ament_prefix_path.sh
[2.352s] -- Installing: /home/alysson/ros2_ws/src/laser_rahcm_visualization/install/laser_rahcm_visualization/share/laser_rahcm_visualization/environment/ament_prefix_path.dsv
[2.352s] -- Installing: /home/alysson/ros2_ws/src/laser_rahcm_visualization/install/laser_rahcm_visualization/share/laser_rahcm_visualization/environment/path.sh
[2.352s] -- Installing: /home/alysson/ros2_ws/src/laser_rahcm_visualization/install/laser_rahcm_visualization/share/laser_rahcm_visualization/environment/path.dsv
[2.352s] -- Installing: /home/alysson/ros2_ws/src/laser_rahcm_visualization/install/laser_rahcm_visualization/share/laser_rahcm_visualization/local_setup.bash
[2.352s] -- Installing: /home/alysson/ros2_ws/src/laser_rahcm_visualization/install/laser_rahcm_visualization/share/laser_rahcm_visualization/local_setup.sh
[2.353s] -- Installing: /home/alysson/ros2_ws/src/laser_rahcm_visualization/install/laser_rahcm_visualization/share/laser_rahcm_visualization/local_setup.zsh
[2.353s] -- Installing: /home/alysson/ros2_ws/src/laser_rahcm_visualization/install/laser_rahcm_visualization/share/laser_rahcm_visualization/local_setup.dsv
[2.353s] -- Installing: /home/alysson/ros2_ws/src/laser_rahcm_visualization/install/laser_rahcm_visualization/share/laser_rahcm_visualization/package.dsv
[2.353s] -- Installing: /home/alysson/ros2_ws/src/laser_rahcm_visualization/install/laser_rahcm_visualization/share/ament_index/resource_index/packages/laser_rahcm_visualization
[2.353s] -- Installing: /home/alysson/ros2_ws/src/laser_rahcm_visualization/install/laser_rahcm_visualization/share/laser_rahcm_visualization/cmake/laser_rahcm_visualizationConfig.cmake
[2.353s] -- Installing: /home/alysson/ros2_ws/src/laser_rahcm_visualization/install/laser_rahcm_visualization/share/laser_rahcm_visualization/cmake/laser_rahcm_visualizationConfig-version.cmake
[2.353s] -- Installing: /home/alysson/ros2_ws/src/laser_rahcm_visualization/install/laser_rahcm_visualization/share/laser_rahcm_visualization/package.xml
[2.354s] Invoked command in '/home/alysson/ros2_ws/src/laser_rahcm_visualization/build/laser_rahcm_visualization' returned '0': CMAKE_PREFIX_PATH=${CMAKE_PREFIX_PATH}:/opt/ros/humble /usr/bin/cmake --install /home/alysson/ros2_ws/src/laser_rahcm_visualization/build/laser_rahcm_visualization
